### Starting TaskPrologue of job 1033843 on tg090 at Thu Apr 10 20:17:07 CEST 2025
Running on cores 64-95 with governor ondemand
Thu Apr 10 20:17:07 2025       
+-----------------------------------------------------------------------------------------+
| NVIDIA-SMI 570.124.06             Driver Version: 570.124.06     CUDA Version: 12.8     |
|-----------------------------------------+------------------------+----------------------+
| GPU  Name                 Persistence-M | Bus-Id          Disp.A | Volatile Uncorr. ECC |
| Fan  Temp   Perf          Pwr:Usage/Cap |           Memory-Usage | GPU-Util  Compute M. |
|                                         |                        |               MIG M. |
|=========================================+========================+======================|
|   0  NVIDIA A100-SXM4-40GB          On  |   00000000:81:00.0 Off |                    0 |
| N/A   41C    P0             58W /  400W |       1MiB /  40960MiB |      0%      Default |
|                                         |                        |             Disabled |
+-----------------------------------------+------------------------+----------------------+
                                                                                         
+-----------------------------------------------------------------------------------------+
| Processes:                                                                              |
|  GPU   GI   CI              PID   Type   Process name                        GPU Memory |
|        ID   ID                                                               Usage      |
|=========================================================================================|
|  No running processes found                                                             |
+-----------------------------------------------------------------------------------------+
### Finished TaskPrologue

78
Epoch 1/500, Train Loss: 0.7919, IoU Score: 0.2684, 27.20 seconds, Epoch 1 , Current LR: 0.0001
Epoch 2/500, Train Loss: 0.7689, IoU Score: 0.4275, 25.01 seconds, Epoch 2 , Current LR: 9.999902291237878e-05
Epoch 3/500, Train Loss: 0.7585, IoU Score: 0.5445, 25.40 seconds, Epoch 3 , Current LR: 9.999609168808891e-05
Epoch 4/500, Train Loss: 0.7525, IoU Score: 0.6093, 25.97 seconds, Epoch 4 , Current LR: 9.999120644285005e-05
Epoch 5/500, Train Loss: 0.7472, IoU Score: 0.6747, 24.54 seconds, Epoch 5 , Current LR: 9.998436736952335e-05
Epoch 6/500, Train Loss: 0.7421, IoU Score: 0.7109, 25.67 seconds, Epoch 6 , Current LR: 9.997557473810373e-05
Epoch 7/500, Train Loss: 0.7375, IoU Score: 0.7328, 23.96 seconds, Epoch 7 , Current LR: 9.996482889570919e-05
Epoch 8/500, Train Loss: 0.7333, IoU Score: 0.7474, 23.62 seconds, Epoch 8 , Current LR: 9.99521302665672e-05
Epoch 9/500, Train Loss: 0.7292, IoU Score: 0.7580, 24.07 seconds, Epoch 9 , Current LR: 9.993747935199789e-05
Epoch 10/500, Train Loss: 0.7252, IoU Score: 0.7566, 25.12 seconds, Epoch 10 , Current LR: 9.992087673039429e-05
Epoch 11/500, Train Loss: 0.7212, IoU Score: 0.7722, 24.99 seconds, Epoch 11 , Current LR: 9.990232305719946e-05
Epoch 12/500, Train Loss: 0.7174, IoU Score: 0.7762, 25.22 seconds, Epoch 12 , Current LR: 9.988181906488066e-05
Epoch 13/500, Train Loss: 0.7133, IoU Score: 0.7938, 24.11 seconds, Epoch 13 , Current LR: 9.98593655629004e-05
Epoch 14/500, Train Loss: 0.7095, IoU Score: 0.7932, 25.55 seconds, Epoch 14 , Current LR: 9.98349634376845e-05
Epoch 15/500, Train Loss: 0.7057, IoU Score: 0.8020, 25.49 seconds, Epoch 15 , Current LR: 9.980861365258707e-05
Epoch 16/500, Train Loss: 0.7026, IoU Score: 0.7750, 25.92 seconds, Epoch 16 , Current LR: 9.97803172478525e-05
Epoch 17/500, Train Loss: 0.6985, IoU Score: 0.8009, 24.32 seconds, Epoch 17 , Current LR: 9.97500753405744e-05
Epoch 18/500, Train Loss: 0.6947, IoU Score: 0.8023, 25.20 seconds, Epoch 18 , Current LR: 9.971788912465148e-05
Epoch 19/500, Train Loss: 0.6909, IoU Score: 0.8044, 25.82 seconds, Epoch 19 , Current LR: 9.968375987074045e-05
Epoch 20/500, Train Loss: 0.6870, IoU Score: 0.8192, 25.37 seconds, Epoch 20 , Current LR: 9.964768892620581e-05
Epoch 21/500, Train Loss: 0.6830, IoU Score: 0.8213, 25.76 seconds, Epoch 21 , Current LR: 9.96096777150667e-05
Epoch 22/500, Train Loss: 0.6794, IoU Score: 0.8066, 25.06 seconds, Epoch 22 , Current LR: 9.956972773794061e-05
Epoch 23/500, Train Loss: 0.6753, IoU Score: 0.8267, 25.68 seconds, Epoch 23 , Current LR: 9.952784057198426e-05
Epoch 24/500, Train Loss: 0.6714, IoU Score: 0.8248, 25.13 seconds, Epoch 24 , Current LR: 9.948401787083125e-05
Epoch 25/500, Train Loss: 0.6674, IoU Score: 0.8231, 25.51 seconds, Epoch 25 , Current LR: 9.943826136452677e-05
Epoch 26/500, Train Loss: 0.6632, IoU Score: 0.8359, 26.16 seconds, Epoch 26 , Current LR: 9.939057285945935e-05
Epoch 27/500, Train Loss: 0.6595, IoU Score: 0.8227, 25.01 seconds, Epoch 27 , Current LR: 9.93409542382895e-05
Epoch 28/500, Train Loss: 0.6553, IoU Score: 0.8270, 28.16 seconds, Epoch 28 , Current LR: 9.928940745987544e-05
Epoch 29/500, Train Loss: 0.6505, IoU Score: 0.8526, 25.43 seconds, Epoch 29 , Current LR: 9.92359345591957e-05
Epoch 30/500, Train Loss: 0.6458, IoU Score: 0.8544, 26.07 seconds, Epoch 30 , Current LR: 9.918053764726885e-05
Epoch 31/500, Train Loss: 0.6415, IoU Score: 0.8591, 28.34 seconds, Epoch 31 , Current LR: 9.912321891107013e-05
Epoch 32/500, Train Loss: 0.6367, IoU Score: 0.8643, 32.15 seconds, Epoch 32 , Current LR: 9.906398061344507e-05
Epoch 33/500, Train Loss: 0.6326, IoU Score: 0.8434, 24.42 seconds, Epoch 33 , Current LR: 9.900282509302026e-05
Epoch 34/500, Train Loss: 0.6274, IoU Score: 0.8564, 24.96 seconds, Epoch 34 , Current LR: 9.893975476411091e-05
Epoch 35/500, Train Loss: 0.6225, IoU Score: 0.8518, 24.99 seconds, Epoch 35 , Current LR: 9.887477211662562e-05
Epoch 36/500, Train Loss: 0.6167, IoU Score: 0.8572, 27.34 seconds, Epoch 36 , Current LR: 9.880787971596803e-05
Epoch 37/500, Train Loss: 0.6118, IoU Score: 0.8554, 26.45 seconds, Epoch 37 , Current LR: 9.87390802029356e-05
Epoch 38/500, Train Loss: 0.6059, IoU Score: 0.8629, 24.96 seconds, Epoch 38 , Current LR: 9.86683762936153e-05
Epoch 39/500, Train Loss: 0.6000, IoU Score: 0.8717, 26.02 seconds, Epoch 39 , Current LR: 9.85957707792764e-05
Epoch 40/500, Train Loss: 0.5942, IoU Score: 0.8748, 27.23 seconds, Epoch 40 , Current LR: 9.852126652626026e-05
Epoch 41/500, Train Loss: 0.5875, IoU Score: 0.8709, 25.05 seconds, Epoch 41 , Current LR: 9.844486647586726e-05
Epoch 42/500, Train Loss: 0.5822, IoU Score: 0.8744, 24.31 seconds, Epoch 42 , Current LR: 9.836657364424056e-05
Epoch 43/500, Train Loss: 0.5753, IoU Score: 0.8783, 24.44 seconds, Epoch 43 , Current LR: 9.828639112224707e-05
Epoch 44/500, Train Loss: 0.5686, IoU Score: 0.8769, 24.68 seconds, Epoch 44 , Current LR: 9.82043220753555e-05
Epoch 45/500, Train Loss: 0.5618, IoU Score: 0.8712, 24.06 seconds, Epoch 45 , Current LR: 9.812036974351127e-05
Epoch 46/500, Train Loss: 0.5547, IoU Score: 0.8822, 24.92 seconds, Epoch 46 , Current LR: 9.80345374410087e-05
Epoch 47/500, Train Loss: 0.5473, IoU Score: 0.8844, 24.92 seconds, Epoch 47 , Current LR: 9.794682855636013e-05
Epoch 48/500, Train Loss: 0.5403, IoU Score: 0.8864, 26.39 seconds, Epoch 48 , Current LR: 9.785724655216214e-05
Epoch 49/500, Train Loss: 0.5317, IoU Score: 0.9001, 25.12 seconds, Epoch 49 , Current LR: 9.776579496495886e-05
Epoch 50/500, Train Loss: 0.5241, IoU Score: 0.9056, 26.82 seconds, Epoch 50 , Current LR: 9.767247740510237e-05
Epoch 51/500, Train Loss: 0.5155, IoU Score: 0.9132, 25.47 seconds, Epoch 51 , Current LR: 9.757729755661015e-05
Epoch 52/500, Train Loss: 0.5072, IoU Score: 0.9095, 26.34 seconds, Epoch 52 , Current LR: 9.748025917701962e-05
Epoch 53/500, Train Loss: 0.4991, IoU Score: 0.9072, 25.43 seconds, Epoch 53 , Current LR: 9.738136609723987e-05
Epoch 54/500, Train Loss: 0.4910, IoU Score: 0.9139, 24.30 seconds, Epoch 54 , Current LR: 9.728062222140037e-05
Epoch 55/500, Train Loss: 0.4819, IoU Score: 0.9188, 25.80 seconds, Epoch 55 , Current LR: 9.717803152669683e-05
Epoch 56/500, Train Loss: 0.4732, IoU Score: 0.9186, 25.03 seconds, Epoch 56 , Current LR: 9.70735980632342e-05
Epoch 57/500, Train Loss: 0.4643, IoU Score: 0.9181, 25.07 seconds, Epoch 57 , Current LR: 9.696732595386681e-05
Epoch 58/500, Train Loss: 0.4564, IoU Score: 0.9225, 25.45 seconds, Epoch 58 , Current LR: 9.685921939403557e-05
Model state dictionary saved to V_net_model_roi_best.pth at Epoch: 58 with IoU Score: 0.9225
Epoch 59/500, Train Loss: 0.4475, IoU Score: 0.9247, 25.63 seconds, Epoch 59 , Current LR: 9.674928265160234e-05
Model state dictionary saved to V_net_model_roi_best.pth at Epoch: 59 with IoU Score: 0.9247
Epoch 60/500, Train Loss: 0.4385, IoU Score: 0.9175, 25.82 seconds, Epoch 60 , Current LR: 9.663752006668147e-05
Epoch 61/500, Train Loss: 0.4299, IoU Score: 0.9285, 24.69 seconds, Epoch 61 , Current LR: 9.652393605146848e-05
Model state dictionary saved to V_net_model_roi_best.pth at Epoch: 61 with IoU Score: 0.9285
Epoch 62/500, Train Loss: 0.4207, IoU Score: 0.9289, 24.15 seconds, Epoch 62 , Current LR: 9.640853509006576e-05
Model state dictionary saved to V_net_model_roi_best.pth at Epoch: 62 with IoU Score: 0.9289
Epoch 63/500, Train Loss: 0.4119, IoU Score: 0.9405, 25.94 seconds, Epoch 63 , Current LR: 9.629132173830569e-05
Model state dictionary saved to V_net_model_roi_best.pth at Epoch: 63 with IoU Score: 0.9405
Epoch 64/500, Train Loss: 0.4027, IoU Score: 0.9379, 24.90 seconds, Epoch 64 , Current LR: 9.617230062357071e-05
Epoch 65/500, Train Loss: 0.3932, IoU Score: 0.9431, 24.00 seconds, Epoch 65 , Current LR: 9.605147644461062e-05
Model state dictionary saved to V_net_model_roi_best.pth at Epoch: 65 with IoU Score: 0.9431
Epoch 66/500, Train Loss: 0.3845, IoU Score: 0.9439, 25.05 seconds, Epoch 66 , Current LR: 9.59288539713571e-05
Model state dictionary saved to V_net_model_roi_best.pth at Epoch: 66 with IoU Score: 0.9439
Epoch 67/500, Train Loss: 0.3756, IoU Score: 0.9426, 25.19 seconds, Epoch 67 , Current LR: 9.580443804473545e-05
Epoch 68/500, Train Loss: 0.3669, IoU Score: 0.9411, 23.78 seconds, Epoch 68 , Current LR: 9.567823357647342e-05
Epoch 69/500, Train Loss: 0.3590, IoU Score: 0.9398, 24.45 seconds, Epoch 69 , Current LR: 9.555024554890732e-05
Epoch 70/500, Train Loss: 0.3502, IoU Score: 0.9433, 25.53 seconds, Epoch 70 , Current LR: 9.542047901478532e-05
Epoch 71/500, Train Loss: 0.3420, IoU Score: 0.9453, 31.26 seconds, Epoch 71 , Current LR: 9.5288939097068e-05
Model state dictionary saved to V_net_model_roi_best.pth at Epoch: 71 with IoU Score: 0.9453
Epoch 72/500, Train Loss: 0.3336, IoU Score: 0.9497, 25.68 seconds, Epoch 72 , Current LR: 9.515563098872606e-05
Model state dictionary saved to V_net_model_roi_best.pth at Epoch: 72 with IoU Score: 0.9497
Epoch 73/500, Train Loss: 0.3254, IoU Score: 0.9530, 25.20 seconds, Epoch 73 , Current LR: 9.50205599525354e-05
Model state dictionary saved to V_net_model_roi_best.pth at Epoch: 73 with IoU Score: 0.9530
Epoch 74/500, Train Loss: 0.3186, IoU Score: 0.9463, 26.36 seconds, Epoch 74 , Current LR: 9.488373132086921e-05
Epoch 75/500, Train Loss: 0.3084, IoU Score: 0.9556, 25.01 seconds, Epoch 75 , Current LR: 9.474515049548759e-05
Model state dictionary saved to V_net_model_roi_best.pth at Epoch: 75 with IoU Score: 0.9556
Epoch 76/500, Train Loss: 0.3019, IoU Score: 0.9553, 24.31 seconds, Epoch 76 , Current LR: 9.460482294732424e-05
Epoch 77/500, Train Loss: 0.2946, IoU Score: 0.9571, 24.92 seconds, Epoch 77 , Current LR: 9.446275421627048e-05
Model state dictionary saved to V_net_model_roi_best.pth at Epoch: 77 with IoU Score: 0.9571
Epoch 78/500, Train Loss: 0.2873, IoU Score: 0.9581, 25.40 seconds, Epoch 78 , Current LR: 9.431894991095656e-05
Model state dictionary saved to V_net_model_roi_best.pth at Epoch: 78 with IoU Score: 0.9581
Epoch 79/500, Train Loss: 0.2789, IoU Score: 0.9587, 24.03 seconds, Epoch 79 , Current LR: 9.417341570853022e-05
Model state dictionary saved to V_net_model_roi_best.pth at Epoch: 79 with IoU Score: 0.9587
Epoch 80/500, Train Loss: 0.2726, IoU Score: 0.9579, 25.68 seconds, Epoch 80 , Current LR: 9.402615735443255e-05
Epoch 81/500, Train Loss: 0.2654, IoU Score: 0.9568, 25.34 seconds, Epoch 81 , Current LR: 9.387718066217127e-05
Epoch 82/500, Train Loss: 0.2584, IoU Score: 0.9607, 25.82 seconds, Epoch 82 , Current LR: 9.372649151309107e-05
Model state dictionary saved to V_net_model_roi_best.pth at Epoch: 82 with IoU Score: 0.9607
Epoch 83/500, Train Loss: 0.2527, IoU Score: 0.9594, 26.11 seconds, Epoch 83 , Current LR: 9.357409585614154e-05
Epoch 84/500, Train Loss: 0.2450, IoU Score: 0.9608, 25.17 seconds, Epoch 84 , Current LR: 9.341999970764228e-05
Model state dictionary saved to V_net_model_roi_best.pth at Epoch: 84 with IoU Score: 0.9608
Epoch 85/500, Train Loss: 0.2386, IoU Score: 0.9666, 25.64 seconds, Epoch 85 , Current LR: 9.326420915104537e-05
Model state dictionary saved to V_net_model_roi_best.pth at Epoch: 85 with IoU Score: 0.9666
Epoch 86/500, Train Loss: 0.2326, IoU Score: 0.9630, 24.10 seconds, Epoch 86 , Current LR: 9.310673033669524e-05
Epoch 87/500, Train Loss: 0.2270, IoU Score: 0.9606, 24.89 seconds, Epoch 87 , Current LR: 9.294756948158582e-05
Epoch 88/500, Train Loss: 0.2214, IoU Score: 0.9624, 25.87 seconds, Epoch 88 , Current LR: 9.278673286911514e-05
Epoch 89/500, Train Loss: 0.2152, IoU Score: 0.9653, 24.94 seconds, Epoch 89 , Current LR: 9.262422684883728e-05
Epoch 90/500, Train Loss: 0.2088, IoU Score: 0.9683, 25.50 seconds, Epoch 90 , Current LR: 9.246005783621164e-05
Model state dictionary saved to V_net_model_roi_best.pth at Epoch: 90 with IoU Score: 0.9683
Epoch 91/500, Train Loss: 0.2037, IoU Score: 0.9696, 24.87 seconds, Epoch 91 , Current LR: 9.229423231234976e-05
Model state dictionary saved to V_net_model_roi_best.pth at Epoch: 91 with IoU Score: 0.9696
Epoch 92/500, Train Loss: 0.1976, IoU Score: 0.9689, 26.13 seconds, Epoch 92 , Current LR: 9.212675682375939e-05
Epoch 93/500, Train Loss: 0.1935, IoU Score: 0.9688, 27.41 seconds, Epoch 93 , Current LR: 9.195763798208604e-05
Epoch 94/500, Train Loss: 0.1894, IoU Score: 0.9649, 27.38 seconds, Epoch 94 , Current LR: 9.1786882463852e-05
Epoch 95/500, Train Loss: 0.1834, IoU Score: 0.9690, 24.67 seconds, Epoch 95 , Current LR: 9.161449701019275e-05
Epoch 96/500, Train Loss: 0.1793, IoU Score: 0.9669, 25.83 seconds, Epoch 96 , Current LR: 9.144048842659083e-05
Epoch 97/500, Train Loss: 0.1739, IoU Score: 0.9712, 25.83 seconds, Epoch 97 , Current LR: 9.126486358260718e-05
Model state dictionary saved to V_net_model_roi_best.pth at Epoch: 97 with IoU Score: 0.9712
Epoch 98/500, Train Loss: 0.1697, IoU Score: 0.9717, 26.66 seconds, Epoch 98 , Current LR: 9.108762941160993e-05
Model state dictionary saved to V_net_model_roi_best.pth at Epoch: 98 with IoU Score: 0.9717
Epoch 99/500, Train Loss: 0.1655, IoU Score: 0.9702, 26.53 seconds, Epoch 99 , Current LR: 9.090879291050064e-05
Epoch 100/500, Train Loss: 0.1616, IoU Score: 0.9700, 25.28 seconds, Epoch 100 , Current LR: 9.072836113943817e-05
Epoch 101/500, Train Loss: 0.1567, IoU Score: 0.9721, 34.53 seconds, Epoch 101 , Current LR: 9.054634122155992e-05
Model state dictionary saved to V_net_model_roi_best.pth at Epoch: 101 with IoU Score: 0.9721
Epoch 102/500, Train Loss: 0.1524, IoU Score: 0.9724, 26.14 seconds, Epoch 102 , Current LR: 9.036274034270054e-05
Model state dictionary saved to V_net_model_roi_best.pth at Epoch: 102 with IoU Score: 0.9724
Epoch 103/500, Train Loss: 0.1487, IoU Score: 0.9719, 24.99 seconds, Epoch 103 , Current LR: 9.017756575110841e-05
Epoch 104/500, Train Loss: 0.1457, IoU Score: 0.9705, 24.79 seconds, Epoch 104 , Current LR: 8.999082475715928e-05
Epoch 105/500, Train Loss: 0.1404, IoU Score: 0.9759, 28.93 seconds, Epoch 105 , Current LR: 8.980252473306786e-05
Model state dictionary saved to V_net_model_roi_best.pth at Epoch: 105 with IoU Score: 0.9759
Epoch 106/500, Train Loss: 0.1376, IoU Score: 0.9735, 25.70 seconds, Epoch 106 , Current LR: 8.961267311259669e-05
Epoch 107/500, Train Loss: 0.1333, IoU Score: 0.9762, 26.18 seconds, Epoch 107 , Current LR: 8.942127739076266e-05
Model state dictionary saved to V_net_model_roi_best.pth at Epoch: 107 with IoU Score: 0.9762
Epoch 108/500, Train Loss: 0.1301, IoU Score: 0.9759, 24.73 seconds, Epoch 108 , Current LR: 8.922834512354113e-05
Epoch 109/500, Train Loss: 0.1271, IoU Score: 0.9754, 25.78 seconds, Epoch 109 , Current LR: 8.90338839275677e-05
Epoch 110/500, Train Loss: 0.1238, IoU Score: 0.9766, 24.85 seconds, Epoch 110 , Current LR: 8.883790147983737e-05
Model state dictionary saved to V_net_model_roi_best.pth at Epoch: 110 with IoU Score: 0.9766
Epoch 111/500, Train Loss: 0.1209, IoU Score: 0.9770, 25.49 seconds, Epoch 111 , Current LR: 8.864040551740159e-05
Model state dictionary saved to V_net_model_roi_best.pth at Epoch: 111 with IoU Score: 0.9770
Epoch 112/500, Train Loss: 0.1182, IoU Score: 0.9768, 24.68 seconds, Epoch 112 , Current LR: 8.844140383706285e-05
Epoch 113/500, Train Loss: 0.1143, IoU Score: 0.9779, 25.47 seconds, Epoch 113 , Current LR: 8.824090429506671e-05
Model state dictionary saved to V_net_model_roi_best.pth at Epoch: 113 with IoU Score: 0.9779
Epoch 114/500, Train Loss: 0.1123, IoU Score: 0.9777, 25.39 seconds, Epoch 114 , Current LR: 8.803891480679177e-05
Epoch 115/500, Train Loss: 0.1086, IoU Score: 0.9784, 26.04 seconds, Epoch 115 , Current LR: 8.783544334643719e-05
Model state dictionary saved to V_net_model_roi_best.pth at Epoch: 115 with IoU Score: 0.9784
Epoch 116/500, Train Loss: 0.1070, IoU Score: 0.9757, 25.30 seconds, Epoch 116 , Current LR: 8.763049794670779e-05
Epoch 117/500, Train Loss: 0.1047, IoU Score: 0.9765, 25.38 seconds, Epoch 117 , Current LR: 8.742408669849706e-05
Epoch 118/500, Train Loss: 0.1007, IoU Score: 0.9790, 25.02 seconds, Epoch 118 , Current LR: 8.721621775056763e-05
Model state dictionary saved to V_net_model_roi_best.pth at Epoch: 118 with IoU Score: 0.9790
Epoch 119/500, Train Loss: 0.0976, IoU Score: 0.9812, 24.83 seconds, Epoch 119 , Current LR: 8.700689930922965e-05
Model state dictionary saved to V_net_model_roi_best.pth at Epoch: 119 with IoU Score: 0.9812
Epoch 120/500, Train Loss: 0.0962, IoU Score: 0.9794, 26.29 seconds, Epoch 120 , Current LR: 8.679613963801677e-05
Epoch 121/500, Train Loss: 0.0932, IoU Score: 0.9814, 25.87 seconds, Epoch 121 , Current LR: 8.658394705735991e-05
Model state dictionary saved to V_net_model_roi_best.pth at Epoch: 121 with IoU Score: 0.9814
Epoch 122/500, Train Loss: 0.0910, IoU Score: 0.9803, 25.69 seconds, Epoch 122 , Current LR: 8.637032994425885e-05
Epoch 123/500, Train Loss: 0.0897, IoU Score: 0.9796, 25.15 seconds, Epoch 123 , Current LR: 8.615529673195142e-05
Epoch 124/500, Train Loss: 0.0873, IoU Score: 0.9788, 24.36 seconds, Epoch 124 , Current LR: 8.593885590958068e-05
Epoch 125/500, Train Loss: 0.0856, IoU Score: 0.9787, 25.89 seconds, Epoch 125 , Current LR: 8.572101602185968e-05
Epoch 126/500, Train Loss: 0.0835, IoU Score: 0.9786, 26.51 seconds, Epoch 126 , Current LR: 8.550178566873414e-05
Epoch 127/500, Train Loss: 0.0803, IoU Score: 0.9822, 27.77 seconds, Epoch 127 , Current LR: 8.528117350504308e-05
Model state dictionary saved to V_net_model_roi_best.pth at Epoch: 127 with IoU Score: 0.9822
Epoch 128/500, Train Loss: 0.0789, IoU Score: 0.9808, 25.52 seconds, Epoch 128 , Current LR: 8.505918824017695e-05
Epoch 129/500, Train Loss: 0.0761, IoU Score: 0.9837, 25.71 seconds, Epoch 129 , Current LR: 8.48358386377339e-05
Model state dictionary saved to V_net_model_roi_best.pth at Epoch: 129 with IoU Score: 0.9837
Epoch 130/500, Train Loss: 0.0745, IoU Score: 0.9834, 26.38 seconds, Epoch 130 , Current LR: 8.46111335151738e-05
Epoch 131/500, Train Loss: 0.0730, IoU Score: 0.9826, 25.28 seconds, Epoch 131 , Current LR: 8.438508174347015e-05
Epoch 132/500, Train Loss: 0.0716, IoU Score: 0.9822, 25.39 seconds, Epoch 132 , Current LR: 8.41576922467598e-05
Epoch 133/500, Train Loss: 0.0698, IoU Score: 0.9828, 24.04 seconds, Epoch 133 , Current LR: 8.392897400199076e-05
Epoch 134/500, Train Loss: 0.0678, IoU Score: 0.9836, 25.22 seconds, Epoch 134 , Current LR: 8.369893603856768e-05
Epoch 135/500, Train Loss: 0.0662, IoU Score: 0.9834, 24.78 seconds, Epoch 135 , Current LR: 8.34675874379955e-05
Epoch 136/500, Train Loss: 0.0656, IoU Score: 0.9811, 24.93 seconds, Epoch 136 , Current LR: 8.32349373335208e-05
Epoch 137/500, Train Loss: 0.0636, IoU Score: 0.9833, 24.39 seconds, Epoch 137 , Current LR: 8.300099490977137e-05
Epoch 138/500, Train Loss: 0.0627, IoU Score: 0.9810, 25.35 seconds, Epoch 138 , Current LR: 8.276576940239353e-05
Epoch 139/500, Train Loss: 0.0616, IoU Score: 0.9813, 24.84 seconds, Epoch 139 , Current LR: 8.252927009768754e-05
Epoch 140/500, Train Loss: 0.0598, IoU Score: 0.9816, 25.64 seconds, Epoch 140 , Current LR: 8.229150633224096e-05
Epoch 141/500, Train Loss: 0.0580, IoU Score: 0.9834, 25.85 seconds, Epoch 141 , Current LR: 8.205248749256017e-05
Epoch 142/500, Train Loss: 0.0556, IoU Score: 0.9859, 24.31 seconds, Epoch 142 , Current LR: 8.181222301469969e-05
Model state dictionary saved to V_net_model_roi_best.pth at Epoch: 142 with IoU Score: 0.9859
Epoch 143/500, Train Loss: 0.0542, IoU Score: 0.9870, 23.85 seconds, Epoch 143 , Current LR: 8.15707223838897e-05
Model state dictionary saved to V_net_model_roi_best.pth at Epoch: 143 with IoU Score: 0.9870
Epoch 144/500, Train Loss: 0.0538, IoU Score: 0.9846, 25.30 seconds, Epoch 144 , Current LR: 8.132799513416161e-05
Epoch 145/500, Train Loss: 0.0526, IoU Score: 0.9853, 25.51 seconds, Epoch 145 , Current LR: 8.108405084797158e-05
Epoch 146/500, Train Loss: 0.0517, IoU Score: 0.9839, 24.36 seconds, Epoch 146 , Current LR: 8.083889915582238e-05
Epoch 147/500, Train Loss: 0.0508, IoU Score: 0.9833, 24.89 seconds, Epoch 147 , Current LR: 8.0592549735883e-05
Epoch 148/500, Train Loss: 0.0492, IoU Score: 0.9847, 24.74 seconds, Epoch 148 , Current LR: 8.034501231360675e-05
Epoch 149/500, Train Loss: 0.0478, IoU Score: 0.9861, 24.85 seconds, Epoch 149 , Current LR: 8.009629666134721e-05
Epoch 150/500, Train Loss: 0.0470, IoU Score: 0.9859, 25.25 seconds, Epoch 150 , Current LR: 7.984641259797245e-05
Epoch 151/500, Train Loss: 0.0452, IoU Score: 0.9877, 26.49 seconds, Epoch 151 , Current LR: 7.959536998847744e-05
Model state dictionary saved to V_net_model_roi_best.pth at Epoch: 151 with IoU Score: 0.9877
Epoch 152/500, Train Loss: 0.0443, IoU Score: 0.9871, 32.00 seconds, Epoch 152 , Current LR: 7.934317874359453e-05
Epoch 153/500, Train Loss: 0.0424, IoU Score: 0.9903, 25.22 seconds, Epoch 153 , Current LR: 7.908984881940225e-05
Model state dictionary saved to V_net_model_roi_best.pth at Epoch: 153 with IoU Score: 0.9903
Epoch 154/500, Train Loss: 0.0421, IoU Score: 0.9880, 24.81 seconds, Epoch 154 , Current LR: 7.883539021693224e-05
Epoch 155/500, Train Loss: 0.0409, IoU Score: 0.9890, 24.50 seconds, Epoch 155 , Current LR: 7.857981298177445e-05
Epoch 156/500, Train Loss: 0.0405, IoU Score: 0.9877, 24.47 seconds, Epoch 156 , Current LR: 7.832312720368047e-05
Epoch 157/500, Train Loss: 0.0401, IoU Score: 0.9879, 24.35 seconds, Epoch 157 , Current LR: 7.806534301616531e-05
Epoch 158/500, Train Loss: 0.0404, IoU Score: 0.9845, 24.28 seconds, Epoch 158 , Current LR: 7.78064705961073e-05
Epoch 159/500, Train Loss: 0.0382, IoU Score: 0.9873, 25.59 seconds, Epoch 159 , Current LR: 7.754652016334632e-05
Epoch 160/500, Train Loss: 0.0374, IoU Score: 0.9872, 25.48 seconds, Epoch 160 , Current LR: 7.728550198028036e-05
Epoch 161/500, Train Loss: 0.0374, IoU Score: 0.9861, 23.95 seconds, Epoch 161 , Current LR: 7.702342635146033e-05
Epoch 162/500, Train Loss: 0.0369, IoU Score: 0.9856, 24.13 seconds, Epoch 162 , Current LR: 7.676030362318333e-05
Epoch 163/500, Train Loss: 0.0353, IoU Score: 0.9877, 25.20 seconds, Epoch 163 , Current LR: 7.649614418308414e-05
Epoch 164/500, Train Loss: 0.0339, IoU Score: 0.9891, 24.38 seconds, Epoch 164 , Current LR: 7.623095845972511e-05
Epoch 165/500, Train Loss: 0.0331, IoU Score: 0.9898, 25.21 seconds, Epoch 165 , Current LR: 7.596475692218458e-05
Epoch 166/500, Train Loss: 0.0326, IoU Score: 0.9897, 25.40 seconds, Epoch 166 , Current LR: 7.569755007964338e-05
Epoch 167/500, Train Loss: 0.0325, IoU Score: 0.9884, 24.53 seconds, Epoch 167 , Current LR: 7.542934848097015e-05
Epoch 168/500, Train Loss: 0.0312, IoU Score: 0.9897, 24.86 seconds, Epoch 168 , Current LR: 7.516016271430479e-05
Epoch 169/500, Train Loss: 0.0302, IoU Score: 0.9904, 24.76 seconds, Epoch 169 , Current LR: 7.489000340664043e-05
Model state dictionary saved to V_net_model_roi_best.pth at Epoch: 169 with IoU Score: 0.9904
Epoch 170/500, Train Loss: 0.0298, IoU Score: 0.9897, 25.30 seconds, Epoch 170 , Current LR: 7.461888122340395e-05
Epoch 171/500, Train Loss: 0.0297, IoU Score: 0.9883, 27.25 seconds, Epoch 171 , Current LR: 7.43468068680349e-05
Epoch 172/500, Train Loss: 0.0283, IoU Score: 0.9911, 24.30 seconds, Epoch 172 , Current LR: 7.407379108156299e-05
Model state dictionary saved to V_net_model_roi_best.pth at Epoch: 172 with IoU Score: 0.9911
Epoch 173/500, Train Loss: 0.0269, IoU Score: 0.9932, 24.73 seconds, Epoch 173 , Current LR: 7.379984464218397e-05
Model state dictionary saved to V_net_model_roi_best.pth at Epoch: 173 with IoU Score: 0.9932
Epoch 174/500, Train Loss: 0.0269, IoU Score: 0.9914, 24.30 seconds, Epoch 174 , Current LR: 7.35249783648342e-05
Epoch 175/500, Train Loss: 0.0269, IoU Score: 0.9900, 25.53 seconds, Epoch 175 , Current LR: 7.324920310076367e-05
Epoch 176/500, Train Loss: 0.0265, IoU Score: 0.9903, 24.63 seconds, Epoch 176 , Current LR: 7.297252973710758e-05
Epoch 177/500, Train Loss: 0.0264, IoU Score: 0.9890, 27.14 seconds, Epoch 177 , Current LR: 7.269496919645663e-05
Epoch 178/500, Train Loss: 0.0263, IoU Score: 0.9879, 25.28 seconds, Epoch 178 , Current LR: 7.241653243642564e-05
Epoch 179/500, Train Loss: 0.0246, IoU Score: 0.9911, 25.18 seconds, Epoch 179 , Current LR: 7.213723044922119e-05
Epoch 180/500, Train Loss: 0.0239, IoU Score: 0.9918, 26.81 seconds, Epoch 180 , Current LR: 7.18570742612075e-05
Epoch 181/500, Train Loss: 0.0233, IoU Score: 0.9920, 25.19 seconds, Epoch 181 , Current LR: 7.157607493247112e-05
Epoch 182/500, Train Loss: 0.0237, IoU Score: 0.9898, 24.88 seconds, Epoch 182 , Current LR: 7.129424355638444e-05
Epoch 183/500, Train Loss: 0.0221, IoU Score: 0.9931, 24.37 seconds, Epoch 183 , Current LR: 7.10115912591676e-05
Epoch 184/500, Train Loss: 0.0224, IoU Score: 0.9910, 25.83 seconds, Epoch 184 , Current LR: 7.072812919944931e-05
Epoch 185/500, Train Loss: 0.0222, IoU Score: 0.9906, 24.87 seconds, Epoch 185 , Current LR: 7.044386856782633e-05
Epoch 186/500, Train Loss: 0.0214, IoU Score: 0.9915, 24.95 seconds, Epoch 186 , Current LR: 7.015882058642168e-05
Epoch 187/500, Train Loss: 0.0201, IoU Score: 0.9940, 25.89 seconds, Epoch 187 , Current LR: 6.987299650844156e-05
Model state dictionary saved to V_net_model_roi_best.pth at Epoch: 187 with IoU Score: 0.9940
Epoch 188/500, Train Loss: 0.0205, IoU Score: 0.9922, 26.28 seconds, Epoch 188 , Current LR: 6.958640761773115e-05
Epoch 189/500, Train Loss: 0.0214, IoU Score: 0.9889, 25.87 seconds, Epoch 189 , Current LR: 6.929906522832918e-05
Epoch 190/500, Train Loss: 0.0203, IoU Score: 0.9908, 25.37 seconds, Epoch 190 , Current LR: 6.901098068402114e-05
Epoch 191/500, Train Loss: 0.0195, IoU Score: 0.9917, 25.20 seconds, Epoch 191 , Current LR: 6.872216535789157e-05
Epoch 192/500, Train Loss: 0.0185, IoU Score: 0.9937, 24.81 seconds, Epoch 192 , Current LR: 6.843263065187504e-05
Epoch 193/500, Train Loss: 0.0181, IoU Score: 0.9937, 24.03 seconds, Epoch 193 , Current LR: 6.814238799630593e-05
Epoch 194/500, Train Loss: 0.0180, IoU Score: 0.9933, 24.22 seconds, Epoch 194 , Current LR: 6.785144884946734e-05
Epoch 195/500, Train Loss: 0.0177, IoU Score: 0.9935, 24.97 seconds, Epoch 195 , Current LR: 6.755982469713863e-05
Epoch 196/500, Train Loss: 0.0176, IoU Score: 0.9928, 25.10 seconds, Epoch 196 , Current LR: 6.726752705214197e-05
Epoch 197/500, Train Loss: 0.0181, IoU Score: 0.9909, 24.99 seconds, Epoch 197 , Current LR: 6.697456745388787e-05
Epoch 198/500, Train Loss: 0.0176, IoU Score: 0.9911, 24.54 seconds, Epoch 198 , Current LR: 6.66809574679197e-05
Epoch 199/500, Train Loss: 0.0176, IoU Score: 0.9906, 23.88 seconds, Epoch 199 , Current LR: 6.63867086854569e-05
Epoch 200/500, Train Loss: 0.0161, IoU Score: 0.9938, 25.73 seconds, Epoch 200 , Current LR: 6.609183272293762e-05
Epoch 201/500, Train Loss: 0.0155, IoU Score: 0.9944, 24.73 seconds, Epoch 201 , Current LR: 6.579634122155994e-05
Model state dictionary saved to V_net_model_roi_best.pth at Epoch: 201 with IoU Score: 0.9944
Epoch 202/500, Train Loss: 0.0150, IoU Score: 0.9951, 24.05 seconds, Epoch 202 , Current LR: 6.550024584682236e-05
Model state dictionary saved to V_net_model_roi_best.pth at Epoch: 202 with IoU Score: 0.9951
Epoch 203/500, Train Loss: 0.0152, IoU Score: 0.9938, 25.43 seconds, Epoch 203 , Current LR: 6.520355828806327e-05
Epoch 204/500, Train Loss: 0.0146, IoU Score: 0.9949, 24.43 seconds, Epoch 204 , Current LR: 6.490629025799951e-05
Epoch 205/500, Train Loss: 0.0141, IoU Score: 0.9952, 25.67 seconds, Epoch 205 , Current LR: 6.460845349226387e-05
Model state dictionary saved to V_net_model_roi_best.pth at Epoch: 205 with IoU Score: 0.9952
Epoch 206/500, Train Loss: 0.0144, IoU Score: 0.9941, 24.35 seconds, Epoch 206 , Current LR: 6.43100597489419e-05
Epoch 207/500, Train Loss: 0.0157, IoU Score: 0.9899, 23.65 seconds, Epoch 207 , Current LR: 6.401112080810765e-05
Epoch 208/500, Train Loss: 0.0153, IoU Score: 0.9908, 26.16 seconds, Epoch 208 , Current LR: 6.371164847135864e-05
Epoch 209/500, Train Loss: 0.0141, IoU Score: 0.9932, 24.98 seconds, Epoch 209 , Current LR: 6.341165456134994e-05
Epoch 210/500, Train Loss: 0.0130, IoU Score: 0.9957, 24.88 seconds, Epoch 210 , Current LR: 6.311115092132748e-05
Model state dictionary saved to V_net_model_roi_best.pth at Epoch: 210 with IoU Score: 0.9957
Epoch 211/500, Train Loss: 0.0126, IoU Score: 0.9955, 25.85 seconds, Epoch 211 , Current LR: 6.281014941466036e-05
Epoch 212/500, Train Loss: 0.0125, IoU Score: 0.9954, 32.98 seconds, Epoch 212 , Current LR: 6.250866192437273e-05
Epoch 213/500, Train Loss: 0.0121, IoU Score: 0.9957, 26.49 seconds, Epoch 213 , Current LR: 6.220670035267443e-05
Model state dictionary saved to V_net_model_roi_best.pth at Epoch: 213 with IoU Score: 0.9957
Epoch 214/500, Train Loss: 0.0119, IoU Score: 0.9957, 26.07 seconds, Epoch 214 , Current LR: 6.190427662049129e-05
Model state dictionary saved to V_net_model_roi_best.pth at Epoch: 214 with IoU Score: 0.9957
Epoch 215/500, Train Loss: 0.0117, IoU Score: 0.9959, 26.42 seconds, Epoch 215 , Current LR: 6.160140266699443e-05
Model state dictionary saved to V_net_model_roi_best.pth at Epoch: 215 with IoU Score: 0.9959
Epoch 216/500, Train Loss: 0.0114, IoU Score: 0.9963, 25.57 seconds, Epoch 216 , Current LR: 6.129809044912892e-05
Model state dictionary saved to V_net_model_roi_best.pth at Epoch: 216 with IoU Score: 0.9963
Epoch 217/500, Train Loss: 0.0116, IoU Score: 0.9951, 25.13 seconds, Epoch 217 , Current LR: 6.099435194114177e-05
Epoch 218/500, Train Loss: 0.0125, IoU Score: 0.9929, 24.31 seconds, Epoch 218 , Current LR: 6.069019913410918e-05
Epoch 219/500, Train Loss: 0.0121, IoU Score: 0.9930, 24.41 seconds, Epoch 219 , Current LR: 6.038564403546321e-05
Epoch 220/500, Train Loss: 0.0122, IoU Score: 0.9924, 27.09 seconds, Epoch 220 , Current LR: 6.008069866851764e-05
Epoch 221/500, Train Loss: 0.0124, IoU Score: 0.9915, 24.31 seconds, Epoch 221 , Current LR: 5.9775375071993425e-05
Epoch 222/500, Train Loss: 0.0113, IoU Score: 0.9936, 26.32 seconds, Epoch 222 , Current LR: 5.946968529954336e-05
Epoch 223/500, Train Loss: 0.0108, IoU Score: 0.9944, 24.88 seconds, Epoch 223 , Current LR: 5.916364141927623e-05
Epoch 224/500, Train Loss: 0.0102, IoU Score: 0.9956, 25.07 seconds, Epoch 224 , Current LR: 5.8857255513280384e-05
Epoch 225/500, Train Loss: 0.0098, IoU Score: 0.9966, 25.42 seconds, Epoch 225 , Current LR: 5.85505396771468e-05
Model state dictionary saved to V_net_model_roi_best.pth at Epoch: 225 with IoU Score: 0.9966
Epoch 226/500, Train Loss: 0.0094, IoU Score: 0.9972, 25.67 seconds, Epoch 226 , Current LR: 5.824350601949149e-05
Model state dictionary saved to V_net_model_roi_best.pth at Epoch: 226 with IoU Score: 0.9972
Epoch 227/500, Train Loss: 0.0091, IoU Score: 0.9973, 24.39 seconds, Epoch 227 , Current LR: 5.7936166661477535e-05
Model state dictionary saved to V_net_model_roi_best.pth at Epoch: 227 with IoU Score: 0.9973
Epoch 228/500, Train Loss: 0.0091, IoU Score: 0.9969, 26.20 seconds, Epoch 228 , Current LR: 5.7628533736336545e-05
Epoch 229/500, Train Loss: 0.0088, IoU Score: 0.9974, 25.88 seconds, Epoch 229 , Current LR: 5.7320619388889645e-05
Model state dictionary saved to V_net_model_roi_best.pth at Epoch: 229 with IoU Score: 0.9974
Epoch 230/500, Train Loss: 0.0086, IoU Score: 0.9979, 24.24 seconds, Epoch 230 , Current LR: 5.701243577506804e-05
Model state dictionary saved to V_net_model_roi_best.pth at Epoch: 230 with IoU Score: 0.9979
Epoch 231/500, Train Loss: 0.0089, IoU Score: 0.9966, 26.39 seconds, Epoch 231 , Current LR: 5.670399506143311e-05
Epoch 232/500, Train Loss: 0.0092, IoU Score: 0.9956, 24.03 seconds, Epoch 232 , Current LR: 5.63953094246961e-05
Epoch 233/500, Train Loss: 0.0090, IoU Score: 0.9956, 24.93 seconds, Epoch 233 , Current LR: 5.608639105123738e-05
Epoch 234/500, Train Loss: 0.0092, IoU Score: 0.9952, 23.31 seconds, Epoch 234 , Current LR: 5.5777252136625406e-05
Epoch 235/500, Train Loss: 0.0097, IoU Score: 0.9930, 23.94 seconds, Epoch 235 , Current LR: 5.5467904885135175e-05
Epoch 236/500, Train Loss: 0.0106, IoU Score: 0.9910, 24.34 seconds, Epoch 236 , Current LR: 5.51583615092665e-05
Epoch 237/500, Train Loss: 0.0098, IoU Score: 0.9927, 25.81 seconds, Epoch 237 , Current LR: 5.4848634229261836e-05
Epoch 238/500, Train Loss: 0.0088, IoU Score: 0.9948, 24.20 seconds, Epoch 238 , Current LR: 5.4538735272623845e-05
Epoch 239/500, Train Loss: 0.0078, IoU Score: 0.9968, 23.53 seconds, Epoch 239 , Current LR: 5.422867687363271e-05
Epoch 240/500, Train Loss: 0.0073, IoU Score: 0.9979, 23.68 seconds, Epoch 240 , Current LR: 5.391847127286313e-05
Model state dictionary saved to V_net_model_roi_best.pth at Epoch: 240 with IoU Score: 0.9979
Epoch 241/500, Train Loss: 0.0070, IoU Score: 0.9982, 25.07 seconds, Epoch 241 , Current LR: 5.3608130716701046e-05
Model state dictionary saved to V_net_model_roi_best.pth at Epoch: 241 with IoU Score: 0.9982
Epoch 242/500, Train Loss: 0.0068, IoU Score: 0.9986, 24.19 seconds, Epoch 242 , Current LR: 5.329766745686024e-05
Model state dictionary saved to V_net_model_roi_best.pth at Epoch: 242 with IoU Score: 0.9986
Epoch 243/500, Train Loss: 0.0067, IoU Score: 0.9987, 25.07 seconds, Epoch 243 , Current LR: 5.298709374989862e-05
Model state dictionary saved to V_net_model_roi_best.pth at Epoch: 243 with IoU Score: 0.9987
Epoch 244/500, Train Loss: 0.0065, IoU Score: 0.9988, 24.55 seconds, Epoch 244 , Current LR: 5.267642185673433e-05
Model state dictionary saved to V_net_model_roi_best.pth at Epoch: 244 with IoU Score: 0.9988
Epoch 245/500, Train Loss: 0.0065, IoU Score: 0.9986, 24.42 seconds, Epoch 245 , Current LR: 5.236566404216177e-05
Epoch 246/500, Train Loss: 0.0066, IoU Score: 0.9981, 24.83 seconds, Epoch 246 , Current LR: 5.2054832574367366e-05
Epoch 247/500, Train Loss: 0.0065, IoU Score: 0.9980, 23.88 seconds, Epoch 247 , Current LR: 5.174393972444522e-05
Epoch 248/500, Train Loss: 0.0065, IoU Score: 0.9978, 24.37 seconds, Epoch 248 , Current LR: 5.143299776591272e-05
Epoch 249/500, Train Loss: 0.0070, IoU Score: 0.9963, 24.33 seconds, Epoch 249 , Current LR: 5.112201897422597e-05
Epoch 250/500, Train Loss: 0.0094, IoU Score: 0.9904, 25.50 seconds, Epoch 250 , Current LR: 5.0811015626295185e-05
Epoch 251/500, Train Loss: 0.0118, IoU Score: 0.9843, 25.52 seconds, Epoch 251 , Current LR: 5.050000000000001e-05
Epoch 252/500, Train Loss: 0.0090, IoU Score: 0.9909, 24.67 seconds, Epoch 252 , Current LR: 5.018898437370484e-05
Epoch 253/500, Train Loss: 0.0069, IoU Score: 0.9960, 24.88 seconds, Epoch 253 , Current LR: 4.987798102577405e-05
Epoch 254/500, Train Loss: 0.0062, IoU Score: 0.9974, 24.56 seconds, Epoch 254 , Current LR: 4.956700223408729e-05
Epoch 255/500, Train Loss: 0.0057, IoU Score: 0.9984, 24.78 seconds, Epoch 255 , Current LR: 4.92560602755548e-05
Epoch 256/500, Train Loss: 0.0054, IoU Score: 0.9991, 24.35 seconds, Epoch 256 , Current LR: 4.894516742563266e-05
Model state dictionary saved to V_net_model_roi_best.pth at Epoch: 256 with IoU Score: 0.9991
Epoch 257/500, Train Loss: 0.0052, IoU Score: 0.9992, 27.07 seconds, Epoch 257 , Current LR: 4.8634335957838245e-05
Model state dictionary saved to V_net_model_roi_best.pth at Epoch: 257 with IoU Score: 0.9992
Epoch 258/500, Train Loss: 0.0052, IoU Score: 0.9990, 24.85 seconds, Epoch 258 , Current LR: 4.832357814326571e-05
Epoch 259/500, Train Loss: 0.0051, IoU Score: 0.9991, 26.61 seconds, Epoch 259 , Current LR: 4.8012906250101425e-05
Epoch 260/500, Train Loss: 0.0050, IoU Score: 0.9992, 23.88 seconds, Epoch 260 , Current LR: 4.77023325431398e-05
Model state dictionary saved to V_net_model_roi_best.pth at Epoch: 260 with IoU Score: 0.9992
Epoch 261/500, Train Loss: 0.0049, IoU Score: 0.9993, 24.18 seconds, Epoch 261 , Current LR: 4.739186928329901e-05
Model state dictionary saved to V_net_model_roi_best.pth at Epoch: 261 with IoU Score: 0.9993
Epoch 262/500, Train Loss: 0.0048, IoU Score: 0.9993, 26.07 seconds, Epoch 262 , Current LR: 4.7081528727136934e-05
Model state dictionary saved to V_net_model_roi_best.pth at Epoch: 262 with IoU Score: 0.9993
Epoch 263/500, Train Loss: 0.0049, IoU Score: 0.9989, 27.17 seconds, Epoch 263 , Current LR: 4.677132312636734e-05
Epoch 264/500, Train Loss: 0.0052, IoU Score: 0.9978, 24.31 seconds, Epoch 264 , Current LR: 4.646126472737622e-05
Epoch 265/500, Train Loss: 0.0053, IoU Score: 0.9973, 24.83 seconds, Epoch 265 , Current LR: 4.6151365770738234e-05
Epoch 266/500, Train Loss: 0.0071, IoU Score: 0.9927, 26.75 seconds, Epoch 266 , Current LR: 4.584163849073356e-05
Epoch 267/500, Train Loss: 0.0081, IoU Score: 0.9903, 25.74 seconds, Epoch 267 , Current LR: 4.553209511486489e-05
Epoch 268/500, Train Loss: 0.0061, IoU Score: 0.9953, 25.38 seconds, Epoch 268 , Current LR: 4.522274786337465e-05
Epoch 269/500, Train Loss: 0.0055, IoU Score: 0.9968, 25.78 seconds, Epoch 269 , Current LR: 4.491360894876267e-05
Epoch 270/500, Train Loss: 0.0047, IoU Score: 0.9986, 27.24 seconds, Epoch 270 , Current LR: 4.4604690575303974e-05
Epoch 271/500, Train Loss: 0.0045, IoU Score: 0.9989, 25.27 seconds, Epoch 271 , Current LR: 4.429600493856696e-05
Epoch 272/500, Train Loss: 0.0043, IoU Score: 0.9993, 26.00 seconds, Epoch 272 , Current LR: 4.398756422493203e-05
Model state dictionary saved to V_net_model_roi_best.pth at Epoch: 272 with IoU Score: 0.9993
Epoch 273/500, Train Loss: 0.0042, IoU Score: 0.9994, 24.47 seconds, Epoch 273 , Current LR: 4.367938061111043e-05
Model state dictionary saved to V_net_model_roi_best.pth at Epoch: 273 with IoU Score: 0.9994
Epoch 274/500, Train Loss: 0.0041, IoU Score: 0.9995, 24.45 seconds, Epoch 274 , Current LR: 4.3371466263663525e-05
Model state dictionary saved to V_net_model_roi_best.pth at Epoch: 274 with IoU Score: 0.9995
Epoch 275/500, Train Loss: 0.0040, IoU Score: 0.9995, 25.30 seconds, Epoch 275 , Current LR: 4.306383333852253e-05
Epoch 276/500, Train Loss: 0.0039, IoU Score: 0.9995, 24.76 seconds, Epoch 276 , Current LR: 4.275649398050858e-05
Model state dictionary saved to V_net_model_roi_best.pth at Epoch: 276 with IoU Score: 0.9995
Epoch 277/500, Train Loss: 0.0039, IoU Score: 0.9995, 24.59 seconds, Epoch 277 , Current LR: 4.244946032285327e-05
Epoch 278/500, Train Loss: 0.0039, IoU Score: 0.9993, 24.63 seconds, Epoch 278 , Current LR: 4.214274448671968e-05
Epoch 279/500, Train Loss: 0.0040, IoU Score: 0.9991, 25.21 seconds, Epoch 279 , Current LR: 4.183635858072385e-05
Epoch 280/500, Train Loss: 0.0042, IoU Score: 0.9982, 25.02 seconds, Epoch 280 , Current LR: 4.153031470045671e-05
Epoch 281/500, Train Loss: 0.0059, IoU Score: 0.9937, 24.80 seconds, Epoch 281 , Current LR: 4.122462492800664e-05
Epoch 282/500, Train Loss: 0.0072, IoU Score: 0.9910, 24.77 seconds, Epoch 282 , Current LR: 4.0919301331482436e-05
Epoch 283/500, Train Loss: 0.0061, IoU Score: 0.9932, 24.27 seconds, Epoch 283 , Current LR: 4.061435596453687e-05
Epoch 284/500, Train Loss: 0.0049, IoU Score: 0.9967, 25.00 seconds, Epoch 284 , Current LR: 4.0309800865890874e-05
Epoch 285/500, Train Loss: 0.0039, IoU Score: 0.9988, 27.60 seconds, Epoch 285 , Current LR: 4.000564805885831e-05
Epoch 286/500, Train Loss: 0.0036, IoU Score: 0.9994, 25.71 seconds, Epoch 286 , Current LR: 3.9701909550871155e-05
Epoch 287/500, Train Loss: 0.0035, IoU Score: 0.9995, 27.52 seconds, Epoch 287 , Current LR: 3.9398597333005634e-05
Model state dictionary saved to V_net_model_roi_best.pth at Epoch: 287 with IoU Score: 0.9995
Epoch 288/500, Train Loss: 0.0034, IoU Score: 0.9996, 24.53 seconds, Epoch 288 , Current LR: 3.909572337950878e-05
Model state dictionary saved to V_net_model_roi_best.pth at Epoch: 288 with IoU Score: 0.9996
Epoch 289/500, Train Loss: 0.0033, IoU Score: 0.9996, 26.20 seconds, Epoch 289 , Current LR: 3.879329964732563e-05
Model state dictionary saved to V_net_model_roi_best.pth at Epoch: 289 with IoU Score: 0.9996
Epoch 290/500, Train Loss: 0.0033, IoU Score: 0.9996, 24.89 seconds, Epoch 290 , Current LR: 3.849133807562733e-05
Model state dictionary saved to V_net_model_roi_best.pth at Epoch: 290 with IoU Score: 0.9996
Epoch 291/500, Train Loss: 0.0033, IoU Score: 0.9996, 24.76 seconds, Epoch 291 , Current LR: 3.8189850585339694e-05
Epoch 292/500, Train Loss: 0.0032, IoU Score: 0.9997, 25.92 seconds, Epoch 292 , Current LR: 3.7888849078672586e-05
Model state dictionary saved to V_net_model_roi_best.pth at Epoch: 292 with IoU Score: 0.9997
Epoch 293/500, Train Loss: 0.0032, IoU Score: 0.9997, 25.32 seconds, Epoch 293 , Current LR: 3.7588345438650097e-05
Model state dictionary saved to V_net_model_roi_best.pth at Epoch: 293 with IoU Score: 0.9997
Epoch 294/500, Train Loss: 0.0032, IoU Score: 0.9996, 25.45 seconds, Epoch 294 , Current LR: 3.7288351528641414e-05
Epoch 295/500, Train Loss: 0.0031, IoU Score: 0.9997, 24.81 seconds, Epoch 295 , Current LR: 3.698887919189239e-05
Epoch 296/500, Train Loss: 0.0031, IoU Score: 0.9996, 25.13 seconds, Epoch 296 , Current LR: 3.668994025105814e-05
Epoch 297/500, Train Loss: 0.0031, IoU Score: 0.9994, 25.85 seconds, Epoch 297 , Current LR: 3.639154650773618e-05
Epoch 298/500, Train Loss: 0.0033, IoU Score: 0.9989, 24.65 seconds, Epoch 298 , Current LR: 3.6093709742000544e-05
Epoch 299/500, Train Loss: 0.0059, IoU Score: 0.9912, 25.57 seconds, Epoch 299 , Current LR: 3.579644171193677e-05
Epoch 300/500, Train Loss: 0.0065, IoU Score: 0.9908, 24.43 seconds, Epoch 300 , Current LR: 3.54997541531777e-05
Epoch 301/500, Train Loss: 0.0052, IoU Score: 0.9937, 26.19 seconds, Epoch 301 , Current LR: 3.5203658778440106e-05
Epoch 302/500, Train Loss: 0.0040, IoU Score: 0.9968, 26.59 seconds, Epoch 302 , Current LR: 3.490816727706241e-05
Epoch 303/500, Train Loss: 0.0033, IoU Score: 0.9987, 24.34 seconds, Epoch 303 , Current LR: 3.4613291314543135e-05
Epoch 304/500, Train Loss: 0.0029, IoU Score: 0.9995, 28.21 seconds, Epoch 304 , Current LR: 3.431904253208036e-05
Epoch 305/500, Train Loss: 0.0028, IoU Score: 0.9997, 26.01 seconds, Epoch 305 , Current LR: 3.402543254611217e-05
Model state dictionary saved to V_net_model_roi_best.pth at Epoch: 305 with IoU Score: 0.9997
Epoch 306/500, Train Loss: 0.0028, IoU Score: 0.9997, 25.05 seconds, Epoch 306 , Current LR: 3.3732472947858084e-05
Model state dictionary saved to V_net_model_roi_best.pth at Epoch: 306 with IoU Score: 0.9997
Epoch 307/500, Train Loss: 0.0028, IoU Score: 0.9997, 24.90 seconds, Epoch 307 , Current LR: 3.344017530286141e-05
Model state dictionary saved to V_net_model_roi_best.pth at Epoch: 307 with IoU Score: 0.9997
Epoch 308/500, Train Loss: 0.0027, IoU Score: 0.9997, 25.55 seconds, Epoch 308 , Current LR: 3.314855115053268e-05
Model state dictionary saved to V_net_model_roi_best.pth at Epoch: 308 with IoU Score: 0.9997
Epoch 309/500, Train Loss: 0.0027, IoU Score: 0.9997, 24.11 seconds, Epoch 309 , Current LR: 3.2857612003694095e-05
Model state dictionary saved to V_net_model_roi_best.pth at Epoch: 309 with IoU Score: 0.9997
Epoch 310/500, Train Loss: 0.0027, IoU Score: 0.9997, 24.70 seconds, Epoch 310 , Current LR: 3.256736934812499e-05
Model state dictionary saved to V_net_model_roi_best.pth at Epoch: 310 with IoU Score: 0.9997
Epoch 311/500, Train Loss: 0.0026, IoU Score: 0.9997, 24.54 seconds, Epoch 311 , Current LR: 3.227783464210844e-05
Epoch 312/500, Train Loss: 0.0026, IoU Score: 0.9997, 25.08 seconds, Epoch 312 , Current LR: 3.1989019315978885e-05
Epoch 313/500, Train Loss: 0.0026, IoU Score: 0.9997, 24.46 seconds, Epoch 313 , Current LR: 3.170093477167085e-05
Model state dictionary saved to V_net_model_roi_best.pth at Epoch: 313 with IoU Score: 0.9997
Epoch 314/500, Train Loss: 0.0026, IoU Score: 0.9997, 28.59 seconds, Epoch 314 , Current LR: 3.1413592382268874e-05
Epoch 315/500, Train Loss: 0.0027, IoU Score: 0.9994, 25.03 seconds, Epoch 315 , Current LR: 3.112700349155849e-05
Epoch 316/500, Train Loss: 0.0029, IoU Score: 0.9987, 25.84 seconds, Epoch 316 , Current LR: 3.084117941357835e-05
Epoch 317/500, Train Loss: 0.0038, IoU Score: 0.9961, 24.26 seconds, Epoch 317 , Current LR: 3.0556131432173694e-05
Epoch 318/500, Train Loss: 0.0044, IoU Score: 0.9949, 24.98 seconds, Epoch 318 , Current LR: 3.0271870800550725e-05
Epoch 319/500, Train Loss: 0.0044, IoU Score: 0.9947, 24.69 seconds, Epoch 319 , Current LR: 2.9988408740832435e-05
Epoch 320/500, Train Loss: 0.0036, IoU Score: 0.9969, 25.30 seconds, Epoch 320 , Current LR: 2.970575644361559e-05
Epoch 321/500, Train Loss: 0.0029, IoU Score: 0.9987, 24.32 seconds, Epoch 321 , Current LR: 2.9423925067528902e-05
Epoch 322/500, Train Loss: 0.0025, IoU Score: 0.9996, 24.29 seconds, Epoch 322 , Current LR: 2.914292573879255e-05
Epoch 323/500, Train Loss: 0.0024, IoU Score: 0.9997, 26.18 seconds, Epoch 323 , Current LR: 2.8862769550778833e-05
Epoch 324/500, Train Loss: 0.0024, IoU Score: 0.9998, 25.73 seconds, Epoch 324 , Current LR: 2.8583467563574386e-05
Model state dictionary saved to V_net_model_roi_best.pth at Epoch: 324 with IoU Score: 0.9998
Epoch 325/500, Train Loss: 0.0023, IoU Score: 0.9998, 25.64 seconds, Epoch 325 , Current LR: 2.8305030803543416e-05
Model state dictionary saved to V_net_model_roi_best.pth at Epoch: 325 with IoU Score: 0.9998
Epoch 326/500, Train Loss: 0.0023, IoU Score: 0.9998, 24.71 seconds, Epoch 326 , Current LR: 2.8027470262892437e-05
Model state dictionary saved to V_net_model_roi_best.pth at Epoch: 326 with IoU Score: 0.9998
Epoch 327/500, Train Loss: 0.0023, IoU Score: 0.9998, 25.60 seconds, Epoch 327 , Current LR: 2.7750796899236355e-05
Epoch 328/500, Train Loss: 0.0022, IoU Score: 0.9998, 24.14 seconds, Epoch 328 , Current LR: 2.7475021635165814e-05
Model state dictionary saved to V_net_model_roi_best.pth at Epoch: 328 with IoU Score: 0.9998
Epoch 329/500, Train Loss: 0.0022, IoU Score: 0.9998, 25.86 seconds, Epoch 329 , Current LR: 2.7200155357816056e-05
Epoch 330/500, Train Loss: 0.0022, IoU Score: 0.9998, 25.05 seconds, Epoch 330 , Current LR: 2.692620891843701e-05
Epoch 331/500, Train Loss: 0.0023, IoU Score: 0.9996, 24.65 seconds, Epoch 331 , Current LR: 2.665319313196511e-05
Epoch 332/500, Train Loss: 0.0022, IoU Score: 0.9997, 25.62 seconds, Epoch 332 , Current LR: 2.6381118776596062e-05
Epoch 333/500, Train Loss: 0.0022, IoU Score: 0.9997, 24.93 seconds, Epoch 333 , Current LR: 2.6109996593359558e-05
Epoch 334/500, Train Loss: 0.0022, IoU Score: 0.9997, 24.26 seconds, Epoch 334 , Current LR: 2.5839837285695208e-05
Epoch 335/500, Train Loss: 0.0023, IoU Score: 0.9994, 25.26 seconds, Epoch 335 , Current LR: 2.557065151902984e-05
Epoch 336/500, Train Loss: 0.0032, IoU Score: 0.9975, 24.03 seconds, Epoch 336 , Current LR: 2.530244992035662e-05
Epoch 337/500, Train Loss: 0.0038, IoU Score: 0.9958, 24.77 seconds, Epoch 337 , Current LR: 2.5035243077815428e-05
Epoch 338/500, Train Loss: 0.0027, IoU Score: 0.9983, 24.41 seconds, Epoch 338 , Current LR: 2.4769041540274895e-05
Epoch 339/500, Train Loss: 0.0024, IoU Score: 0.9991, 24.88 seconds, Epoch 339 , Current LR: 2.450385581691586e-05
Epoch 340/500, Train Loss: 0.0022, IoU Score: 0.9994, 26.24 seconds, Epoch 340 , Current LR: 2.4239696376816678e-05
Epoch 341/500, Train Loss: 0.0021, IoU Score: 0.9997, 24.21 seconds, Epoch 341 , Current LR: 2.397657364853968e-05
Epoch 342/500, Train Loss: 0.0021, IoU Score: 0.9997, 24.79 seconds, Epoch 342 , Current LR: 2.371449801971965e-05
Epoch 343/500, Train Loss: 0.0020, IoU Score: 0.9998, 25.38 seconds, Epoch 343 , Current LR: 2.3453479836653684e-05
Epoch 344/500, Train Loss: 0.0021, IoU Score: 0.9997, 25.88 seconds, Epoch 344 , Current LR: 2.3193529403892706e-05
Epoch 345/500, Train Loss: 0.0021, IoU Score: 0.9997, 25.67 seconds, Epoch 345 , Current LR: 2.293465698383469e-05
Epoch 346/500, Train Loss: 0.0020, IoU Score: 0.9998, 24.47 seconds, Epoch 346 , Current LR: 2.267687279631953e-05
Epoch 347/500, Train Loss: 0.0020, IoU Score: 0.9998, 25.55 seconds, Epoch 347 , Current LR: 2.2420187018225564e-05
Epoch 348/500, Train Loss: 0.0020, IoU Score: 0.9998, 25.49 seconds, Epoch 348 , Current LR: 2.2164609783067746e-05
Epoch 349/500, Train Loss: 0.0019, IoU Score: 0.9998, 25.36 seconds, Epoch 349 , Current LR: 2.1910151180597763e-05
Model state dictionary saved to V_net_model_roi_best.pth at Epoch: 349 with IoU Score: 0.9998
Epoch 350/500, Train Loss: 0.0019, IoU Score: 0.9998, 24.11 seconds, Epoch 350 , Current LR: 2.1656821256405492e-05
Model state dictionary saved to V_net_model_roi_best.pth at Epoch: 350 with IoU Score: 0.9998
Epoch 351/500, Train Loss: 0.0019, IoU Score: 0.9998, 26.29 seconds, Epoch 351 , Current LR: 2.1404630011522586e-05
Epoch 352/500, Train Loss: 0.0019, IoU Score: 0.9998, 24.73 seconds, Epoch 352 , Current LR: 2.1153587402027568e-05
Epoch 353/500, Train Loss: 0.0019, IoU Score: 0.9998, 25.83 seconds, Epoch 353 , Current LR: 2.0903703338652835e-05
Model state dictionary saved to V_net_model_roi_best.pth at Epoch: 353 with IoU Score: 0.9998
Epoch 354/500, Train Loss: 0.0019, IoU Score: 0.9997, 25.48 seconds, Epoch 354 , Current LR: 2.0654987686393273e-05
Epoch 355/500, Train Loss: 0.0019, IoU Score: 0.9997, 32.58 seconds, Epoch 355 , Current LR: 2.040745026411703e-05
Epoch 356/500, Train Loss: 0.0019, IoU Score: 0.9998, 24.97 seconds, Epoch 356 , Current LR: 2.016110084417768e-05
Epoch 357/500, Train Loss: 0.0018, IoU Score: 0.9998, 24.34 seconds, Epoch 357 , Current LR: 1.9915949152028446e-05
Epoch 358/500, Train Loss: 0.0018, IoU Score: 0.9998, 25.58 seconds, Epoch 358 , Current LR: 1.9672004865838442e-05
Epoch 359/500, Train Loss: 0.0018, IoU Score: 0.9997, 24.21 seconds, Epoch 359 , Current LR: 1.9429277616110337e-05
Epoch 360/500, Train Loss: 0.0025, IoU Score: 0.9978, 26.01 seconds, Epoch 360 , Current LR: 1.9187776985300346e-05
Epoch 361/500, Train Loss: 0.0041, IoU Score: 0.9940, 27.21 seconds, Epoch 361 , Current LR: 1.8947512507439865e-05
Epoch 362/500, Train Loss: 0.0026, IoU Score: 0.9978, 25.51 seconds, Epoch 362 , Current LR: 1.8708493667759095e-05
Epoch 363/500, Train Loss: 0.0019, IoU Score: 0.9996, 25.49 seconds, Epoch 363 , Current LR: 1.8470729902312508e-05
Epoch 364/500, Train Loss: 0.0018, IoU Score: 0.9998, 26.63 seconds, Epoch 364 , Current LR: 1.8234230597606502e-05
Model state dictionary saved to V_net_model_roi_best.pth at Epoch: 364 with IoU Score: 0.9998
Epoch 365/500, Train Loss: 0.0017, IoU Score: 0.9998, 24.67 seconds, Epoch 365 , Current LR: 1.7999005090228672e-05
Model state dictionary saved to V_net_model_roi_best.pth at Epoch: 365 with IoU Score: 0.9998
Epoch 366/500, Train Loss: 0.0017, IoU Score: 0.9999, 24.92 seconds, Epoch 366 , Current LR: 1.7765062666479235e-05
Model state dictionary saved to V_net_model_roi_best.pth at Epoch: 366 with IoU Score: 0.9999
Epoch 367/500, Train Loss: 0.0017, IoU Score: 0.9999, 24.91 seconds, Epoch 367 , Current LR: 1.753241256200456e-05
Model state dictionary saved to V_net_model_roi_best.pth at Epoch: 367 with IoU Score: 0.9999
Epoch 368/500, Train Loss: 0.0017, IoU Score: 0.9999, 25.25 seconds, Epoch 368 , Current LR: 1.730106396143237e-05
Epoch 369/500, Train Loss: 0.0017, IoU Score: 0.9998, 25.57 seconds, Epoch 369 , Current LR: 1.70710259980093e-05
Epoch 370/500, Train Loss: 0.0017, IoU Score: 0.9998, 26.16 seconds, Epoch 370 , Current LR: 1.684230775324026e-05
Epoch 371/500, Train Loss: 0.0017, IoU Score: 0.9999, 26.11 seconds, Epoch 371 , Current LR: 1.6614918256529937e-05
Epoch 372/500, Train Loss: 0.0017, IoU Score: 0.9999, 24.27 seconds, Epoch 372 , Current LR: 1.638886648482626e-05
Epoch 373/500, Train Loss: 0.0017, IoU Score: 0.9998, 24.85 seconds, Epoch 373 , Current LR: 1.6164161362266173e-05
Epoch 374/500, Train Loss: 0.0017, IoU Score: 0.9999, 26.20 seconds, Epoch 374 , Current LR: 1.594081175982312e-05
Model state dictionary saved to V_net_model_roi_best.pth at Epoch: 374 with IoU Score: 0.9999
Epoch 375/500, Train Loss: 0.0017, IoU Score: 0.9999, 24.43 seconds, Epoch 375 , Current LR: 1.5718826494956964e-05
Epoch 376/500, Train Loss: 0.0016, IoU Score: 0.9999, 25.21 seconds, Epoch 376 , Current LR: 1.549821433126591e-05
Epoch 377/500, Train Loss: 0.0016, IoU Score: 0.9999, 24.27 seconds, Epoch 377 , Current LR: 1.5278983978140384e-05
Model state dictionary saved to V_net_model_roi_best.pth at Epoch: 377 with IoU Score: 0.9999
Epoch 378/500, Train Loss: 0.0016, IoU Score: 0.9999, 24.16 seconds, Epoch 378 , Current LR: 1.5061144090419362e-05
Model state dictionary saved to V_net_model_roi_best.pth at Epoch: 378 with IoU Score: 0.9999
Epoch 379/500, Train Loss: 0.0016, IoU Score: 0.9999, 24.64 seconds, Epoch 379 , Current LR: 1.4844703268048613e-05
Model state dictionary saved to V_net_model_roi_best.pth at Epoch: 379 with IoU Score: 0.9999
Epoch 380/500, Train Loss: 0.0016, IoU Score: 0.9999, 25.86 seconds, Epoch 380 , Current LR: 1.4629670055741205e-05
Epoch 381/500, Train Loss: 0.0016, IoU Score: 0.9999, 24.53 seconds, Epoch 381 , Current LR: 1.4416052942640127e-05
Model state dictionary saved to V_net_model_roi_best.pth at Epoch: 381 with IoU Score: 0.9999
Epoch 382/500, Train Loss: 0.0016, IoU Score: 0.9999, 24.91 seconds, Epoch 382 , Current LR: 1.4203860361983293e-05
Model state dictionary saved to V_net_model_roi_best.pth at Epoch: 382 with IoU Score: 0.9999
Epoch 383/500, Train Loss: 0.0016, IoU Score: 0.9999, 26.36 seconds, Epoch 383 , Current LR: 1.39931006907704e-05
Epoch 384/500, Train Loss: 0.0016, IoU Score: 0.9999, 25.45 seconds, Epoch 384 , Current LR: 1.3783782249432418e-05
Epoch 385/500, Train Loss: 0.0016, IoU Score: 0.9999, 34.21 seconds, Epoch 385 , Current LR: 1.3575913301502989e-05
Epoch 386/500, Train Loss: 0.0016, IoU Score: 0.9999, 26.94 seconds, Epoch 386 , Current LR: 1.3369502053292254e-05
Epoch 387/500, Train Loss: 0.0016, IoU Score: 0.9998, 26.32 seconds, Epoch 387 , Current LR: 1.3164556653562862e-05
Epoch 388/500, Train Loss: 0.0020, IoU Score: 0.9985, 27.76 seconds, Epoch 388 , Current LR: 1.296108519320827e-05
Epoch 389/500, Train Loss: 0.0029, IoU Score: 0.9962, 25.01 seconds, Epoch 389 , Current LR: 1.2759095704933344e-05
Epoch 390/500, Train Loss: 0.0020, IoU Score: 0.9989, 24.91 seconds, Epoch 390 , Current LR: 1.255859616293718e-05
Epoch 391/500, Train Loss: 0.0017, IoU Score: 0.9997, 27.67 seconds, Epoch 391 , Current LR: 1.2359594482598441e-05
Epoch 392/500, Train Loss: 0.0016, IoU Score: 0.9998, 24.63 seconds, Epoch 392 , Current LR: 1.2162098520162683e-05
Epoch 393/500, Train Loss: 0.0015, IoU Score: 0.9999, 26.20 seconds, Epoch 393 , Current LR: 1.1966116072432346e-05
Epoch 394/500, Train Loss: 0.0015, IoU Score: 0.9999, 24.62 seconds, Epoch 394 , Current LR: 1.177165487645889e-05
Model state dictionary saved to V_net_model_roi_best.pth at Epoch: 394 with IoU Score: 0.9999
Epoch 395/500, Train Loss: 0.0015, IoU Score: 0.9999, 24.03 seconds, Epoch 395 , Current LR: 1.1578722609237382e-05
Model state dictionary saved to V_net_model_roi_best.pth at Epoch: 395 with IoU Score: 0.9999
Epoch 396/500, Train Loss: 0.0015, IoU Score: 0.9999, 27.48 seconds, Epoch 396 , Current LR: 1.1387326887403327e-05
Model state dictionary saved to V_net_model_roi_best.pth at Epoch: 396 with IoU Score: 0.9999
Epoch 397/500, Train Loss: 0.0015, IoU Score: 0.9999, 24.66 seconds, Epoch 397 , Current LR: 1.1197475266932151e-05
Model state dictionary saved to V_net_model_roi_best.pth at Epoch: 397 with IoU Score: 0.9999
Epoch 398/500, Train Loss: 0.0015, IoU Score: 0.9999, 26.78 seconds, Epoch 398 , Current LR: 1.1009175242840744e-05
Epoch 399/500, Train Loss: 0.0015, IoU Score: 0.9999, 24.43 seconds, Epoch 399 , Current LR: 1.0822434248891603e-05
Epoch 400/500, Train Loss: 0.0015, IoU Score: 0.9999, 24.43 seconds, Epoch 400 , Current LR: 1.0637259657299468e-05
Epoch 401/500, Train Loss: 0.0015, IoU Score: 0.9999, 25.91 seconds, Epoch 401 , Current LR: 1.0453658778440109e-05
Model state dictionary saved to V_net_model_roi_best.pth at Epoch: 401 with IoU Score: 0.9999
Epoch 402/500, Train Loss: 0.0015, IoU Score: 0.9999, 25.50 seconds, Epoch 402 , Current LR: 1.0271638860561851e-05
Epoch 403/500, Train Loss: 0.0015, IoU Score: 0.9999, 25.04 seconds, Epoch 403 , Current LR: 1.0091207089499397e-05
Epoch 404/500, Train Loss: 0.0015, IoU Score: 0.9999, 25.03 seconds, Epoch 404 , Current LR: 9.91237058839012e-06
Model state dictionary saved to V_net_model_roi_best.pth at Epoch: 404 with IoU Score: 0.9999
Epoch 405/500, Train Loss: 0.0015, IoU Score: 0.9999, 26.19 seconds, Epoch 405 , Current LR: 9.735136417392842e-06
Epoch 406/500, Train Loss: 0.0015, IoU Score: 0.9999, 26.66 seconds, Epoch 406 , Current LR: 9.559511573409195e-06
Epoch 407/500, Train Loss: 0.0015, IoU Score: 0.9999, 25.76 seconds, Epoch 407 , Current LR: 9.385502989807278e-06
Model state dictionary saved to V_net_model_roi_best.pth at Epoch: 407 with IoU Score: 0.9999
Epoch 408/500, Train Loss: 0.0015, IoU Score: 0.9999, 24.99 seconds, Epoch 408 , Current LR: 9.213117536148018e-06
Model state dictionary saved to V_net_model_roi_best.pth at Epoch: 408 with IoU Score: 0.9999
Epoch 409/500, Train Loss: 0.0015, IoU Score: 0.9999, 25.11 seconds, Epoch 409 , Current LR: 9.042362017913989e-06
Model state dictionary saved to V_net_model_roi_best.pth at Epoch: 409 with IoU Score: 0.9999
Epoch 410/500, Train Loss: 0.0015, IoU Score: 0.9999, 25.46 seconds, Epoch 410 , Current LR: 8.873243176240634e-06
Model state dictionary saved to V_net_model_roi_best.pth at Epoch: 410 with IoU Score: 0.9999
Epoch 411/500, Train Loss: 0.0015, IoU Score: 0.9999, 24.75 seconds, Epoch 411 , Current LR: 8.705767687650254e-06
Model state dictionary saved to V_net_model_roi_best.pth at Epoch: 411 with IoU Score: 0.9999
Epoch 412/500, Train Loss: 0.0014, IoU Score: 0.9999, 24.82 seconds, Epoch 412 , Current LR: 8.53994216378838e-06
Epoch 413/500, Train Loss: 0.0014, IoU Score: 0.9999, 24.66 seconds, Epoch 413 , Current LR: 8.37577315116276e-06
Epoch 414/500, Train Loss: 0.0014, IoU Score: 0.9999, 24.89 seconds, Epoch 414 , Current LR: 8.213267130884886e-06
Epoch 415/500, Train Loss: 0.0014, IoU Score: 0.9999, 24.83 seconds, Epoch 415 , Current LR: 8.052430518414223e-06
Epoch 416/500, Train Loss: 0.0014, IoU Score: 0.9999, 25.55 seconds, Epoch 416 , Current LR: 7.893269663304797e-06
Epoch 417/500, Train Loss: 0.0014, IoU Score: 0.9999, 25.49 seconds, Epoch 417 , Current LR: 7.735790848954645e-06
Epoch 418/500, Train Loss: 0.0014, IoU Score: 0.9999, 25.75 seconds, Epoch 418 , Current LR: 7.580000292357746e-06
Epoch 419/500, Train Loss: 0.0014, IoU Score: 0.9999, 25.25 seconds, Epoch 419 , Current LR: 7.425904143858481e-06
Epoch 420/500, Train Loss: 0.0014, IoU Score: 0.9999, 27.72 seconds, Epoch 420 , Current LR: 7.273508486908956e-06
Epoch 421/500, Train Loss: 0.0014, IoU Score: 0.9999, 24.89 seconds, Epoch 421 , Current LR: 7.122819337828756e-06
Epoch 422/500, Train Loss: 0.0014, IoU Score: 0.9999, 24.72 seconds, Epoch 422 , Current LR: 6.973842645567475e-06
Epoch 423/500, Train Loss: 0.0014, IoU Score: 0.9999, 25.36 seconds, Epoch 423 , Current LR: 6.82658429146981e-06
Epoch 424/500, Train Loss: 0.0014, IoU Score: 0.9999, 24.44 seconds, Epoch 424 , Current LR: 6.681050089043474e-06
Epoch 425/500, Train Loss: 0.0015, IoU Score: 0.9997, 26.78 seconds, Epoch 425 , Current LR: 6.537245783729552e-06
Epoch 426/500, Train Loss: 0.0017, IoU Score: 0.9993, 30.63 seconds, Epoch 426 , Current LR: 6.395177052675798e-06
Epoch 427/500, Train Loss: 0.0016, IoU Score: 0.9996, 25.42 seconds, Epoch 427 , Current LR: 6.254849504512447e-06
Epoch 428/500, Train Loss: 0.0015, IoU Score: 0.9998, 25.78 seconds, Epoch 428 , Current LR: 6.116268679130828e-06
Epoch 429/500, Train Loss: 0.0014, IoU Score: 0.9999, 26.49 seconds, Epoch 429 , Current LR: 5.979440047464636e-06
Epoch 430/500, Train Loss: 0.0014, IoU Score: 0.9999, 26.17 seconds, Epoch 430 , Current LR: 5.844369011273963e-06
Epoch 431/500, Train Loss: 0.0014, IoU Score: 0.9999, 25.28 seconds, Epoch 431 , Current LR: 5.7110609029320455e-06
Model state dictionary saved to V_net_model_roi_best.pth at Epoch: 431 with IoU Score: 0.9999
Epoch 432/500, Train Loss: 0.0014, IoU Score: 0.9999, 25.39 seconds, Epoch 432 , Current LR: 5.579520985214713e-06
Model state dictionary saved to V_net_model_roi_best.pth at Epoch: 432 with IoU Score: 0.9999
Epoch 433/500, Train Loss: 0.0014, IoU Score: 0.9999, 25.17 seconds, Epoch 433 , Current LR: 5.449754451092719e-06
Epoch 434/500, Train Loss: 0.0014, IoU Score: 0.9999, 26.19 seconds, Epoch 434 , Current LR: 5.321766423526617e-06
Epoch 435/500, Train Loss: 0.0014, IoU Score: 0.9999, 27.21 seconds, Epoch 435 , Current LR: 5.195561955264585e-06
Model state dictionary saved to V_net_model_roi_best.pth at Epoch: 435 with IoU Score: 0.9999
Epoch 436/500, Train Loss: 0.0014, IoU Score: 0.9999, 27.46 seconds, Epoch 436 , Current LR: 5.071146028642936e-06
Model state dictionary saved to V_net_model_roi_best.pth at Epoch: 436 with IoU Score: 0.9999
Epoch 437/500, Train Loss: 0.0014, IoU Score: 0.9999, 25.09 seconds, Epoch 437 , Current LR: 4.9485235553894295e-06
Model state dictionary saved to V_net_model_roi_best.pth at Epoch: 437 with IoU Score: 0.9999
Epoch 438/500, Train Loss: 0.0014, IoU Score: 0.9999, 26.19 seconds, Epoch 438 , Current LR: 4.827699376429315e-06
Epoch 439/500, Train Loss: 0.0014, IoU Score: 0.9999, 26.53 seconds, Epoch 439 , Current LR: 4.708678261694324e-06
Epoch 440/500, Train Loss: 0.0014, IoU Score: 0.9999, 25.06 seconds, Epoch 440 , Current LR: 4.59146490993427e-06
Epoch 441/500, Train Loss: 0.0014, IoU Score: 0.9999, 26.73 seconds, Epoch 441 , Current LR: 4.476063948531556e-06
Epoch 442/500, Train Loss: 0.0014, IoU Score: 0.9999, 25.39 seconds, Epoch 442 , Current LR: 4.3624799333185616e-06
Epoch 443/500, Train Loss: 0.0014, IoU Score: 0.9999, 27.74 seconds, Epoch 443 , Current LR: 4.250717348397709e-06
Epoch 444/500, Train Loss: 0.0014, IoU Score: 0.9999, 24.47 seconds, Epoch 444 , Current LR: 4.140780605964486e-06
Epoch 445/500, Train Loss: 0.0014, IoU Score: 0.9999, 25.62 seconds, Epoch 445 , Current LR: 4.032674046133238e-06
Epoch 446/500, Train Loss: 0.0014, IoU Score: 0.9999, 25.67 seconds, Epoch 446 , Current LR: 3.9264019367658495e-06
Epoch 447/500, Train Loss: 0.0014, IoU Score: 0.9999, 24.99 seconds, Epoch 447 , Current LR: 3.82196847330321e-06
Epoch 448/500, Train Loss: 0.0014, IoU Score: 0.9999, 26.68 seconds, Epoch 448 , Current LR: 3.7193777785996714e-06
Epoch 449/500, Train Loss: 0.0014, IoU Score: 0.9999, 24.20 seconds, Epoch 449 , Current LR: 3.6186339027601645e-06
Epoch 450/500, Train Loss: 0.0014, IoU Score: 0.9999, 24.89 seconds, Epoch 450 , Current LR: 3.5197408229804165e-06
Epoch 451/500, Train Loss: 0.0014, IoU Score: 0.9999, 25.96 seconds, Epoch 451 , Current LR: 3.4227024433899053e-06
Epoch 452/500, Train Loss: 0.0014, IoU Score: 0.9999, 25.37 seconds, Epoch 452 , Current LR: 3.3275225948976774e-06
Epoch 453/500, Train Loss: 0.0014, IoU Score: 0.9999, 25.68 seconds, Epoch 453 , Current LR: 3.2342050350411794e-06
Epoch 454/500, Train Loss: 0.0013, IoU Score: 0.9999, 29.77 seconds, Epoch 454 , Current LR: 3.1427534478378935e-06
Model state dictionary saved to V_net_model_roi_best.pth at Epoch: 454 with IoU Score: 0.9999
Epoch 455/500, Train Loss: 0.0013, IoU Score: 0.9999, 26.00 seconds, Epoch 455 , Current LR: 3.0531714436399017e-06
Model state dictionary saved to V_net_model_roi_best.pth at Epoch: 455 with IoU Score: 0.9999
Epoch 456/500, Train Loss: 0.0014, IoU Score: 0.9999, 25.11 seconds, Epoch 456 , Current LR: 2.965462558991324e-06
Model state dictionary saved to V_net_model_roi_best.pth at Epoch: 456 with IoU Score: 0.9999
Epoch 457/500, Train Loss: 0.0013, IoU Score: 0.9999, 24.40 seconds, Epoch 457 , Current LR: 2.8796302564887575e-06
Epoch 458/500, Train Loss: 0.0013, IoU Score: 0.9999, 27.06 seconds, Epoch 458 , Current LR: 2.7956779246445245e-06
Epoch 459/500, Train Loss: 0.0013, IoU Score: 0.9999, 24.83 seconds, Epoch 459 , Current LR: 2.7136088777529476e-06
Model state dictionary saved to V_net_model_roi_best.pth at Epoch: 459 with IoU Score: 0.9999
Epoch 460/500, Train Loss: 0.0013, IoU Score: 0.9999, 24.57 seconds, Epoch 460 , Current LR: 2.633426355759472e-06
Epoch 461/500, Train Loss: 0.0013, IoU Score: 0.9999, 25.08 seconds, Epoch 461 , Current LR: 2.555133524132766e-06
Model state dictionary saved to V_net_model_roi_best.pth at Epoch: 461 with IoU Score: 0.9999
Epoch 462/500, Train Loss: 0.0013, IoU Score: 0.9999, 24.64 seconds, Epoch 462 , Current LR: 2.478733473739767e-06
Epoch 463/500, Train Loss: 0.0013, IoU Score: 0.9999, 26.11 seconds, Epoch 463 , Current LR: 2.404229220723642e-06
Epoch 464/500, Train Loss: 0.0013, IoU Score: 0.9999, 25.49 seconds, Epoch 464 , Current LR: 2.331623706384741e-06
Epoch 465/500, Train Loss: 0.0013, IoU Score: 0.9999, 26.24 seconds, Epoch 465 , Current LR: 2.2609197970644304e-06
Model state dictionary saved to V_net_model_roi_best.pth at Epoch: 465 with IoU Score: 0.9999
Epoch 466/500, Train Loss: 0.0013, IoU Score: 0.9999, 24.59 seconds, Epoch 466 , Current LR: 2.192120284032011e-06
Epoch 467/500, Train Loss: 0.0013, IoU Score: 0.9999, 26.04 seconds, Epoch 467 , Current LR: 2.125227883374426e-06
Epoch 468/500, Train Loss: 0.0013, IoU Score: 0.9999, 24.12 seconds, Epoch 468 , Current LR: 2.0602452358891356e-06
Model state dictionary saved to V_net_model_roi_best.pth at Epoch: 468 with IoU Score: 0.9999
Epoch 469/500, Train Loss: 0.0013, IoU Score: 0.9999, 24.32 seconds, Epoch 469 , Current LR: 1.9971749069797833e-06
Epoch 470/500, Train Loss: 0.0013, IoU Score: 0.9999, 24.50 seconds, Epoch 470 , Current LR: 1.936019386554971e-06
Model state dictionary saved to V_net_model_roi_best.pth at Epoch: 470 with IoU Score: 0.9999
Epoch 471/500, Train Loss: 0.0014, IoU Score: 0.9999, 25.73 seconds, Epoch 471 , Current LR: 1.8767810889299109e-06
Epoch 472/500, Train Loss: 0.0014, IoU Score: 0.9999, 25.00 seconds, Epoch 472 , Current LR: 1.819462352731181e-06
Epoch 473/500, Train Loss: 0.0013, IoU Score: 0.9999, 24.91 seconds, Epoch 473 , Current LR: 1.7640654408043382e-06
Model state dictionary saved to V_net_model_roi_best.pth at Epoch: 473 with IoU Score: 0.9999
Epoch 474/500, Train Loss: 0.0013, IoU Score: 0.9999, 25.52 seconds, Epoch 474 , Current LR: 1.7105925401245986e-06
Model state dictionary saved to V_net_model_roi_best.pth at Epoch: 474 with IoU Score: 0.9999
Epoch 475/500, Train Loss: 0.0013, IoU Score: 0.9999, 26.30 seconds, Epoch 475 , Current LR: 1.659045761710534e-06
Model state dictionary saved to V_net_model_roi_best.pth at Epoch: 475 with IoU Score: 0.9999
Epoch 476/500, Train Loss: 0.0013, IoU Score: 0.9999, 25.04 seconds, Epoch 476 , Current LR: 1.6094271405406876e-06
Epoch 477/500, Train Loss: 0.0013, IoU Score: 0.9999, 24.12 seconds, Epoch 477 , Current LR: 1.561738635473261e-06
Model state dictionary saved to V_net_model_roi_best.pth at Epoch: 477 with IoU Score: 0.9999
Epoch 478/500, Train Loss: 0.0013, IoU Score: 0.9999, 24.40 seconds, Epoch 478 , Current LR: 1.51598212916878e-06
Epoch 479/500, Train Loss: 0.0013, IoU Score: 0.9999, 26.30 seconds, Epoch 479 , Current LR: 1.4721594280157674e-06
Model state dictionary saved to V_net_model_roi_best.pth at Epoch: 479 with IoU Score: 0.9999
Epoch 480/500, Train Loss: 0.0013, IoU Score: 0.9999, 24.34 seconds, Epoch 480 , Current LR: 1.430272262059425e-06
Model state dictionary saved to V_net_model_roi_best.pth at Epoch: 480 with IoU Score: 0.9999
Epoch 481/500, Train Loss: 0.0013, IoU Score: 0.9999, 25.16 seconds, Epoch 481 , Current LR: 1.3903222849333515e-06
Model state dictionary saved to V_net_model_roi_best.pth at Epoch: 481 with IoU Score: 0.9999
Epoch 482/500, Train Loss: 0.0013, IoU Score: 0.9999, 26.35 seconds, Epoch 482 , Current LR: 1.3523110737942283e-06
Epoch 483/500, Train Loss: 0.0013, IoU Score: 0.9999, 25.72 seconds, Epoch 483 , Current LR: 1.316240129259585e-06
Model state dictionary saved to V_net_model_roi_best.pth at Epoch: 483 with IoU Score: 0.9999
Epoch 484/500, Train Loss: 0.0013, IoU Score: 0.9999, 23.88 seconds, Epoch 484 , Current LR: 1.2821108753485538e-06
Epoch 485/500, Train Loss: 0.0013, IoU Score: 0.9999, 25.56 seconds, Epoch 485 , Current LR: 1.2499246594256418e-06
Epoch 486/500, Train Loss: 0.0013, IoU Score: 0.9999, 26.63 seconds, Epoch 486 , Current LR: 1.2196827521475405e-06
Epoch 487/500, Train Loss: 0.0013, IoU Score: 1.0000, 25.30 seconds, Epoch 487 , Current LR: 1.1913863474129612e-06
Model state dictionary saved to V_net_model_roi_best.pth at Epoch: 487 with IoU Score: 1.0000
Epoch 488/500, Train Loss: 0.0013, IoU Score: 1.0000, 25.47 seconds, Epoch 488 , Current LR: 1.1650365623155216e-06
Epoch 489/500, Train Loss: 0.0013, IoU Score: 1.0000, 25.26 seconds, Epoch 489 , Current LR: 1.1406344370996102e-06
Epoch 490/500, Train Loss: 0.0013, IoU Score: 1.0000, 23.33 seconds, Epoch 490 , Current LR: 1.1181809351193513e-06
Epoch 491/500, Train Loss: 0.0013, IoU Score: 1.0000, 25.93 seconds, Epoch 491 , Current LR: 1.0976769428005578e-06
Model state dictionary saved to V_net_model_roi_best.pth at Epoch: 491 with IoU Score: 1.0000
Epoch 492/500, Train Loss: 0.0013, IoU Score: 1.0000, 25.40 seconds, Epoch 492 , Current LR: 1.0791232696057363e-06
Epoch 493/500, Train Loss: 0.0013, IoU Score: 1.0000, 25.23 seconds, Epoch 493 , Current LR: 1.0625206480021353e-06
Model state dictionary saved to V_net_model_roi_best.pth at Epoch: 493 with IoU Score: 1.0000
Epoch 494/500, Train Loss: 0.0013, IoU Score: 1.0000, 25.12 seconds, Epoch 494 , Current LR: 1.047869733432827e-06
Model state dictionary saved to V_net_model_roi_best.pth at Epoch: 494 with IoU Score: 1.0000
Epoch 495/500, Train Loss: 0.0013, IoU Score: 1.0000, 30.95 seconds, Epoch 495 , Current LR: 1.0351711042908343e-06
Epoch 496/500, Train Loss: 0.0013, IoU Score: 1.0000, 25.82 seconds, Epoch 496 , Current LR: 1.0244252618962857e-06
Model state dictionary saved to V_net_model_roi_best.pth at Epoch: 496 with IoU Score: 1.0000
Epoch 497/500, Train Loss: 0.0013, IoU Score: 1.0000, 25.16 seconds, Epoch 497 , Current LR: 1.0156326304766528e-06
Epoch 498/500, Train Loss: 0.0013, IoU Score: 1.0000, 27.30 seconds, Epoch 498 , Current LR: 1.0087935571499562e-06
Epoch 499/500, Train Loss: 0.0013, IoU Score: 1.0000, 25.43 seconds, Epoch 499 , Current LR: 1.0039083119111025e-06
Epoch 500/500, Train Loss: 0.0013, IoU Score: 1.0000, 25.83 seconds, Epoch 500 , Current LR: 1.0009770876212127e-06
=== JOB_STATISTICS ===
=== current date     : Thu 10 Apr 2025 11:50:32 PM CEST
= Job-ID             : 1033843 on tinygpu
= Job-Name           : run_vnet
= Job-Command        : /home/hpc/mfdp/mfdp109h/roi_model/train_model.slurm
= Initial workdir    : /home/hpc/mfdp/mfdp109h/roi_model
= Queue/Partition    : a100
= Slurm account      : mfdp with QOS=normal
= Requested resources:  for 12:00:00
= Elapsed runtime    : 03:33:26
= Total RAM usage    : 2.5 GiB of requested  GiB (%)   
= Node list          : tg090
= Subm/Elig/Start/End: 2025-04-10T20:04:54 / 2025-04-10T20:04:54 / 2025-04-10T20:17:06 / 2025-04-10T23:50:32
======================
=== Quota infos ======
    Path              Used     SoftQ    HardQ    Gracetime  Filec    FileQ    FiHaQ    FileGrace    
    /home/woody          7.3G  1000.0G  1500.0G        N/A  42,442    5,000K   7,500K        N/A    
    /home/hpc           22.2G   104.9G   209.7G        N/A   4,070      500K   1,000K        N/A    
    /home/vault          0.0K  1048.6G  2097.2G        N/A       1      200K     400K        N/A    
======================
=== GPU utilization ==
gpu_name, gpu_bus_id, pid, gpu_utilization [%], mem_utilization [%], max_memory_usage [MiB], time [ms]
NVIDIA A100-SXM4-40GB, 00000000:81:00.0, 2618, 37 %, 19 %, 7724 MiB, 12798661 ms
